<?xml version="1.0" encoding="UTF-8"?>
<testsuite xmlns:xsi="http://www.w3.org/2001/XMLSchema-instance" xsi:noNamespaceSchemaLocation="https://maven.apache.org/surefire/maven-surefire-plugin/xsd/surefire-test-report-3.0.xsd" version="3.0" name="interview.com.cathayunited.CurrencyTest" time="2.863" tests="5" errors="0" skipped="0" failures="0">
  <properties>
[...]
</properties>
  <testcase name="testUpdateNewCurrency" classname="interview.com.cathayunited.CurrencyTest" time="0.017">
    <system-out><![CDATA[21:00:54.722 [main] INFO org.springframework.test.context.support.AnnotationConfigContextLoaderUtils -- Could not detect default configuration classes for test class [interview.com.cathayunited.CurrencyTest]: CurrencyTest does not declare any static, non-private, non-final, nested classes annotated with @Configuration.
21:00:54.776 [main] INFO org.springframework.boot.test.context.SpringBootTestContextBootstrapper -- Found @SpringBootConfiguration interview.com.cathayunited.CathayunitedApplication for test class interview.com.cathayunited.CurrencyTest

  .   ____          _            __ _ _
 /\\ / ___'_ __ _ _(_)_ __  __ _ \ \ \ \
( ( )\___ | '_ | '_| | '_ \/ _` | \ \ \ \
 \\/  ___)| |_)| | | | | || (_| |  ) ) ) )
  '  |____| .__|_| |_|_| |_\__, | / / / /
 =========|_|==============|___/=/_/_/_/
 :: Spring Boot ::                (v3.2.5)

2024-05-01T21:00:54.964+07:00  INFO 3177 --- [cathayunited] [           main] i.com.cathayunited.CurrencyTest          : Starting CurrencyTest using Java 17.0.10 with PID 3177 (started by taiminh in /Users/taiminh/Documents/GitHub/cathay)
2024-05-01T21:00:54.964+07:00  INFO 3177 --- [cathayunited] [           main] i.com.cathayunited.CurrencyTest          : No active profile set, falling back to 1 default profile: "default"
2024-05-01T21:00:55.965+07:00  INFO 3177 --- [cathayunited] [           main] o.s.b.t.m.w.SpringBootMockServletContext : Initializing Spring TestDispatcherServlet ''
2024-05-01T21:00:55.966+07:00  INFO 3177 --- [cathayunited] [           main] o.s.t.web.servlet.TestDispatcherServlet  : Initializing Servlet ''
2024-05-01T21:00:55.967+07:00  INFO 3177 --- [cathayunited] [           main] o.s.t.web.servlet.TestDispatcherServlet  : Completed initialization in 0 ms
2024-05-01T21:00:55.978+07:00  INFO 3177 --- [cathayunited] [           main] i.com.cathayunited.CurrencyTest          : Started CurrencyTest in 1.17 seconds (process running for 1.587)
]]></system-out>
  </testcase>
  <testcase name="testCreateNewCurrency" classname="interview.com.cathayunited.CurrencyTest" time="0.113">
    <system-out><![CDATA[
MockHttpServletRequest:
      HTTP Method = POST
      Request URI = /api/currency/create
       Parameters = {}
          Headers = [Content-Type:"application/json;charset=UTF-8", Content-Length:"127"]
             Body = {"id":null,"code":"Japan","name":"Japan","rate_float":1.56,"description":"Currency of Japan","createdAt":null,"updatedAt":null}
    Session Attrs = {}

Handler:
             Type = interview.com.cathayunited.controller.CurrencyController
           Method = interview.com.cathayunited.controller.CurrencyController#createCurrency(CRUDCurrencyRequest)

Async:
    Async started = false
     Async result = null

Resolved Exception:
             Type = null

ModelAndView:
        View name = null
             View = null
            Model = null

FlashMap:
       Attributes = null

MockHttpServletResponse:
           Status = 200
    Error message = null
          Headers = [Content-Type:"application/json"]
     Content type = application/json
             Body = {"status":200,"message":"OK","data":{"id":null,"code":"Japan","name":"Japan","rate_float":1.56,"description":"Currency of Japan","created_at":"01/01/1970","updated_at":"01/01/1970"}}
    Forwarded URL = null
   Redirected URL = null
          Cookies = []
]]></system-out>
  </testcase>
  <testcase name="convertCoinDeskTest" classname="interview.com.cathayunited.CurrencyTest" time="1.363">
    <system-out><![CDATA[
MockHttpServletRequest:
      HTTP Method = GET
      Request URI = /api/current-price
       Parameters = {}
          Headers = [Content-Type:"application/json;charset=UTF-8", Content-Length:"243"]
             Body = [{"update_time":"01/05/2024 10:54:12","currency":"GBP","name":"GBP","rate":48.2},{"update_time":"01/05/2024 10:54:12","currency":"USD","name":"USD","rate":60.35},{"update_time":"01/05/2024 10:54:12","currency":"EUR","name":"EUR","rate":50.66}]
    Session Attrs = {}

Handler:
             Type = interview.com.cathayunited.controller.CoindeskController
           Method = interview.com.cathayunited.controller.CoindeskController#getCurrentPriceUSD()

Async:
    Async started = false
     Async result = null

Resolved Exception:
             Type = null

ModelAndView:
        View name = null
             View = null
            Model = null

FlashMap:
       Attributes = null

MockHttpServletResponse:
           Status = 200
    Error message = null
          Headers = [Content-Type:"application/json"]
     Content type = application/json
             Body = {"status":200,"message":"OK","data":[{"update_time":"01/05/2024 21:00:56","currency":"USD","name":"United States Dollar","rate":57287.824},{"update_time":"01/05/2024 21:00:56","currency":"GBP","name":"British Pound Sterling","rate":45876.832},{"update_time":"01/05/2024 21:00:56","currency":"EUR","name":"Euro","rate":53619.28}]}
    Forwarded URL = null
   Redirected URL = null
          Cookies = []
]]></system-out>
  </testcase>
  <testcase name="testDeleteCurrency" classname="interview.com.cathayunited.CurrencyTest" time="0.003"/>
  <testcase name="getListCurrencyTest" classname="interview.com.cathayunited.CurrencyTest" time="0.009">
    <system-out><![CDATA[
MockHttpServletRequest:
      HTTP Method = GET
      Request URI = /api/currency
       Parameters = {}
          Headers = []
             Body = null
    Session Attrs = {}

Handler:
             Type = interview.com.cathayunited.controller.CurrencyController
           Method = interview.com.cathayunited.controller.CurrencyController#queryCurrency()

Async:
    Async started = false
     Async result = null

Resolved Exception:
             Type = null

ModelAndView:
        View name = null
             View = null
            Model = null

FlashMap:
       Attributes = null

MockHttpServletResponse:
           Status = 200
    Error message = null
          Headers = [Content-Type:"application/json"]
     Content type = application/json
             Body = {"status":200,"message":"OK","data":[]}
    Forwarded URL = null
   Redirected URL = null
          Cookies = []
]]></system-out>
  </testcase>
</testsuite>